<?xml version="1.0" encoding="UTF-8"?>
<!-- Generated by org.testng.reporters.JUnitReportReporter -->
<testsuite hostname="Pragti" failures="0" tests="1" name="pac1.FromCityTest" time="3.645" errors="0" timestamp="2024-08-07T12:50:33 IST" skipped="0">
  <testcase classname="pac1.FromCityTest" name="fTest" time="3.645"/>
</testsuite> <!-- pac1.FromCityTest -->
